# JRE version: OpenJDK Runtime Environment Microsoft-13106404 (21.0.10+7) (build 21.0.10+7-LTS)
# Java VM: OpenJDK 64-Bit Server VM Microsoft-13106404 (21.0.10+7-LTS, mixed mode, sharing, tiered, compressed oops, compressed class ptrs, g1 gc, windows-amd64)
GC Precious Log:
 CardTable entry size: 512
 Card Set container configuration: InlinePtr #cards 4 size 8 Array Of Cards #cards 16 size 48 Howl #buckets 8 coarsen threshold 3686 Howl Bitmap #cards 512 size 80 coarsen threshold 460 Card regions per heap region 1 cards per card region 4096
 CPUs: 12 total, 12 available
 Memory: 16310M
 Large Page Support: Disabled
 NUMA Support: Disabled
 Compressed Oops: Enabled (Zero based)
 Heap Region Size: 2M
 Heap Min Capacity: 8M
 Heap Initial Capacity: 256M
 Heap Max Capacity: 4078M
 Pre-touch: Disabled
 Parallel Workers: 10
 Concurrent Workers: 3
 Concurrent Refinement Workers: 10
 Periodic GC: Disabled
Heap:
 garbage-first heap   total 118784K, used 80196K [0x0000000701200000, 0x0000000800000000)
  region size 2048K, 21 young (43008K), 2 survivors (4096K)
 Metaspace       used 31951K, committed 32384K, reserved 1114112K
  class space    used 3627K, committed 3840K, reserved 1048576K
GC Heap History (12 events):
Event: 0.473 GC heap before
{Heap before GC invocations=0 (full 0):
 garbage-first heap   total 262144K, used 22528K [0x0000000701200000, 0x0000000800000000)
  region size 2048K, 11 young (22528K), 0 survivors (0K)
 Metaspace       used 5623K, committed 5824K, reserved 1114112K
  class space    used 661K, committed 768K, reserved 1048576K
}
Event: 0.475 GC heap after
{Heap after GC invocations=1 (full 0):
 garbage-first heap   total 262144K, used 4082K [0x0000000701200000, 0x0000000800000000)
  region size 2048K, 2 young (4096K), 2 survivors (4096K)
 Metaspace       used 5623K, committed 5824K, reserved 1114112K
  class space    used 661K, committed 768K, reserved 1048576K
}
Event: 0.907 GC heap before
{Heap before GC invocations=1 (full 0):
 garbage-first heap   total 262144K, used 36850K [0x0000000701200000, 0x0000000800000000)
  region size 2048K, 18 young (36864K), 2 survivors (4096K)
 Metaspace       used 9785K, committed 9984K, reserved 1114112K
  class space    used 1175K, committed 1280K, reserved 1048576K
}
Event: 0.910 GC heap after
{Heap after GC invocations=2 (full 0):
 garbage-first heap   total 262144K, used 5395K [0x0000000701200000, 0x0000000800000000)
  region size 2048K, 1 young (2048K), 1 survivors (2048K)
 Metaspace       used 9785K, committed 9984K, reserved 1114112K
  class space    used 1175K, committed 1280K, reserved 1048576K
}
Event: 3.068 GC heap before
{Heap before GC invocations=2 (full 0):
 garbage-first heap   total 262144K, used 156947K [0x0000000701200000, 0x0000000800000000)
  region size 2048K, 76 young (155648K), 1 survivors (2048K)
 Metaspace       used 20521K, committed 20800K, reserved 1114112K
  class space    used 2359K, committed 2496K, reserved 1048576K
}
Event: 3.077 GC heap after
{Heap after GC invocations=3 (full 0):
 garbage-first heap   total 262144K, used 17982K [0x0000000701200000, 0x0000000800000000)
  region size 2048K, 7 young (14336K), 7 survivors (14336K)
 Metaspace       used 20521K, committed 20800K, reserved 1114112K
  class space    used 2359K, committed 2496K, reserved 1048576K
}
Event: 3.188 GC heap before
{Heap before GC invocations=3 (full 0):
 garbage-first heap   total 262144K, used 34366K [0x0000000701200000, 0x0000000800000000)
  region size 2048K, 14 young (28672K), 7 survivors (14336K)
 Metaspace       used 21167K, committed 21504K, reserved 1114112K
  class space    used 2427K, committed 2624K, reserved 1048576K
}
Event: 3.195 GC heap after
{Heap after GC invocations=4 (full 0):
 garbage-first heap   total 262144K, used 25856K [0x0000000701200000, 0x0000000800000000)
  region size 2048K, 3 young (6144K), 3 survivors (6144K)
 Metaspace       used 21167K, committed 21504K, reserved 1114112K
  class space    used 2427K, committed 2624K, reserved 1048576K
}
Event: 3.882 GC heap before
{Heap before GC invocations=5 (full 0):
 garbage-first heap   total 96256K, used 93440K [0x0000000701200000, 0x0000000800000000)
  region size 2048K, 36 young (73728K), 3 survivors (6144K)
 Metaspace       used 27512K, committed 27840K, reserved 1114112K
  class space    used 3137K, committed 3264K, reserved 1048576K
}
Event: 3.894 GC heap after
{Heap after GC invocations=6 (full 0):
 garbage-first heap   total 118784K, used 40829K [0x0000000701200000, 0x0000000800000000)
  region size 2048K, 10 young (20480K), 10 survivors (20480K)
 Metaspace       used 27512K, committed 27840K, reserved 1114112K
  class space    used 3137K, committed 3264K, reserved 1048576K
}
Event: 4.459 GC heap before
{Heap before GC invocations=6 (full 0):
 garbage-first heap   total 118784K, used 89981K [0x0000000701200000, 0x0000000800000000)
  region size 2048K, 34 young (69632K), 10 survivors (20480K)
 Metaspace       used 29834K, committed 30208K, reserved 1114112K
  class space    used 3378K, committed 3520K, reserved 1048576K
}
Event: 4.471 GC heap after
{Heap after GC invocations=7 (full 0):
 garbage-first heap   total 118784K, used 43332K [0x0000000701200000, 0x0000000800000000)
  region size 2048K, 2 young (4096K), 2 survivors (4096K)
 Metaspace       used 29834K, committed 30208K, reserved 1114112K
  class space    used 3378K, committed 3520K, reserved 1048576K
}

