# JRE version: OpenJDK Runtime Environment Microsoft-13106404 (21.0.10+7) (build 21.0.10+7-LTS)
# Java VM: OpenJDK 64-Bit Server VM Microsoft-13106404 (21.0.10+7-LTS, mixed mode, sharing, tiered, compressed oops, compressed class ptrs, g1 gc, windows-amd64)
GC Precious Log:
 CardTable entry size: 512
 Card Set container configuration: InlinePtr #cards 4 size 8 Array Of Cards #cards 16 size 48 Howl #buckets 8 coarsen threshold 3686 Howl Bitmap #cards 512 size 80 coarsen threshold 460 Card regions per heap region 1 cards per card region 4096
 CPUs: 12 total, 12 available
 Memory: 16310M
 Large Page Support: Disabled
 NUMA Support: Disabled
 Compressed Oops: Enabled (Zero based)
 Heap Region Size: 2M
 Heap Min Capacity: 8M
 Heap Initial Capacity: 256M
 Heap Max Capacity: 4078M
 Pre-touch: Disabled
 Parallel Workers: 10
 Concurrent Workers: 3
 Concurrent Refinement Workers: 10
 Periodic GC: Disabled
Heap:
 garbage-first heap   total 116736K, used 85122K [0x0000000701200000, 0x0000000800000000)
  region size 2048K, 33 young (67584K), 10 survivors (20480K)
 Metaspace       used 29768K, committed 30144K, reserved 1114112K
  class space    used 3379K, committed 3520K, reserved 1048576K
GC Heap History (10 events):
Event: 0.467 GC heap before
{Heap before GC invocations=0 (full 0):
 garbage-first heap   total 262144K, used 22528K [0x0000000701200000, 0x0000000800000000)
  region size 2048K, 11 young (22528K), 0 survivors (0K)
 Metaspace       used 5624K, committed 5824K, reserved 1114112K
  class space    used 661K, committed 768K, reserved 1048576K
}
Event: 0.470 GC heap after
{Heap after GC invocations=1 (full 0):
 garbage-first heap   total 262144K, used 3804K [0x0000000701200000, 0x0000000800000000)
  region size 2048K, 2 young (4096K), 2 survivors (4096K)
 Metaspace       used 5624K, committed 5824K, reserved 1114112K
  class space    used 661K, committed 768K, reserved 1048576K
}
Event: 0.887 GC heap before
{Heap before GC invocations=1 (full 0):
 garbage-first heap   total 262144K, used 36572K [0x0000000701200000, 0x0000000800000000)
  region size 2048K, 18 young (36864K), 2 survivors (4096K)
 Metaspace       used 9768K, committed 9984K, reserved 1114112K
  class space    used 1174K, committed 1280K, reserved 1048576K
}
Event: 0.890 GC heap after
{Heap after GC invocations=2 (full 0):
 garbage-first heap   total 262144K, used 5381K [0x0000000701200000, 0x0000000800000000)
  region size 2048K, 1 young (2048K), 1 survivors (2048K)
 Metaspace       used 9768K, committed 9984K, reserved 1114112K
  class space    used 1174K, committed 1280K, reserved 1048576K
}
Event: 2.958 GC heap before
{Heap before GC invocations=2 (full 0):
 garbage-first heap   total 262144K, used 156933K [0x0000000701200000, 0x0000000800000000)
  region size 2048K, 76 young (155648K), 1 survivors (2048K)
 Metaspace       used 20518K, committed 20864K, reserved 1114112K
  class space    used 2358K, committed 2496K, reserved 1048576K
}
Event: 2.967 GC heap after
{Heap after GC invocations=3 (full 0):
 garbage-first heap   total 262144K, used 17386K [0x0000000701200000, 0x0000000800000000)
  region size 2048K, 7 young (14336K), 7 survivors (14336K)
 Metaspace       used 20518K, committed 20864K, reserved 1114112K
  class space    used 2358K, committed 2496K, reserved 1048576K
}
Event: 3.070 GC heap before
{Heap before GC invocations=3 (full 0):
 garbage-first heap   total 262144K, used 33770K [0x0000000701200000, 0x0000000800000000)
  region size 2048K, 14 young (28672K), 7 survivors (14336K)
 Metaspace       used 21138K, committed 21504K, reserved 1114112K
  class space    used 2422K, committed 2624K, reserved 1048576K
}
Event: 3.077 GC heap after
{Heap after GC invocations=4 (full 0):
 garbage-first heap   total 262144K, used 26762K [0x0000000701200000, 0x0000000800000000)
  region size 2048K, 3 young (6144K), 3 survivors (6144K)
 Metaspace       used 21138K, committed 21504K, reserved 1114112K
  class space    used 2422K, committed 2624K, reserved 1048576K
}
Event: 3.748 GC heap before
{Heap before GC invocations=5 (full 0):
 garbage-first heap   total 96256K, used 94346K [0x0000000701200000, 0x0000000800000000)
  region size 2048K, 36 young (73728K), 3 survivors (6144K)
 Metaspace       used 27463K, committed 27840K, reserved 1114112K
  class space    used 3138K, committed 3264K, reserved 1048576K
}
Event: 3.760 GC heap after
{Heap after GC invocations=6 (full 0):
 garbage-first heap   total 116736K, used 40066K [0x0000000701200000, 0x0000000800000000)
  region size 2048K, 10 young (20480K), 10 survivors (20480K)
 Metaspace       used 27463K, committed 27840K, reserved 1114112K
  class space    used 3138K, committed 3264K, reserved 1048576K
}

