# JRE version: OpenJDK Runtime Environment Microsoft-13106404 (21.0.10+7) (build 21.0.10+7-LTS)
# Java VM: OpenJDK 64-Bit Server VM Microsoft-13106404 (21.0.10+7-LTS, mixed mode, sharing, tiered, compressed oops, compressed class ptrs, g1 gc, windows-amd64)
GC Precious Log:
 CardTable entry size: 512
 Card Set container configuration: InlinePtr #cards 4 size 8 Array Of Cards #cards 16 size 48 Howl #buckets 8 coarsen threshold 3686 Howl Bitmap #cards 512 size 80 coarsen threshold 460 Card regions per heap region 1 cards per card region 4096
 CPUs: 12 total, 12 available
 Memory: 16310M
 Large Page Support: Disabled
 NUMA Support: Disabled
 Compressed Oops: Enabled (Zero based)
 Heap Region Size: 2M
 Heap Min Capacity: 8M
 Heap Initial Capacity: 256M
 Heap Max Capacity: 4078M
 Pre-touch: Disabled
 Parallel Workers: 10
 Concurrent Workers: 3
 Concurrent Refinement Workers: 10
 Periodic GC: Disabled
Heap:
 garbage-first heap   total 96256K, used 81843K [0x0000000701200000, 0x0000000800000000)
  region size 2048K, 28 young (57344K), 2 survivors (4096K)
 Metaspace       used 64691K, committed 65344K, reserved 1114112K
  class space    used 7889K, committed 8192K, reserved 1048576K
GC Heap History (20 events):
Event: 3.915 GC heap after
{Heap after GC invocations=14 (full 0):
 garbage-first heap   total 94208K, used 20379K [0x0000000701200000, 0x0000000800000000)
  region size 2048K, 3 young (6144K), 3 survivors (6144K)
 Metaspace       used 39807K, committed 40320K, reserved 1114112K
  class space    used 4935K, committed 5184K, reserved 1048576K
}
Event: 4.180 GC heap before
{Heap before GC invocations=14 (full 0):
 garbage-first heap   total 94208K, used 67483K [0x0000000701200000, 0x0000000800000000)
  region size 2048K, 27 young (55296K), 3 survivors (6144K)
 Metaspace       used 41890K, committed 42368K, reserved 1114112K
  class space    used 5171K, committed 5376K, reserved 1048576K
}
Event: 4.187 GC heap after
{Heap after GC invocations=15 (full 0):
 garbage-first heap   total 94208K, used 21734K [0x0000000701200000, 0x0000000800000000)
  region size 2048K, 3 young (6144K), 3 survivors (6144K)
 Metaspace       used 41890K, committed 42368K, reserved 1114112K
  class space    used 5171K, committed 5376K, reserved 1048576K
}
Event: 4.562 GC heap before
{Heap before GC invocations=15 (full 0):
 garbage-first heap   total 94208K, used 70886K [0x0000000701200000, 0x0000000800000000)
  region size 2048K, 27 young (55296K), 3 survivors (6144K)
 Metaspace       used 44509K, committed 45120K, reserved 1114112K
  class space    used 5496K, committed 5760K, reserved 1048576K
}
Event: 4.569 GC heap after
{Heap after GC invocations=16 (full 0):
 garbage-first heap   total 94208K, used 23036K [0x0000000701200000, 0x0000000800000000)
  region size 2048K, 3 young (6144K), 3 survivors (6144K)
 Metaspace       used 44509K, committed 45120K, reserved 1114112K
  class space    used 5496K, committed 5760K, reserved 1048576K
}
Event: 4.933 GC heap before
{Heap before GC invocations=16 (full 0):
 garbage-first heap   total 94208K, used 72188K [0x0000000701200000, 0x0000000800000000)
  region size 2048K, 27 young (55296K), 3 survivors (6144K)
 Metaspace       used 47171K, committed 47744K, reserved 1114112K
  class space    used 5876K, committed 6080K, reserved 1048576K
}
Event: 4.941 GC heap after
{Heap after GC invocations=17 (full 0):
 garbage-first heap   total 118784K, used 24781K [0x0000000701200000, 0x0000000800000000)
  region size 2048K, 3 young (6144K), 3 survivors (6144K)
 Metaspace       used 47171K, committed 47744K, reserved 1114112K
  class space    used 5876K, committed 6080K, reserved 1048576K
}
Event: 5.204 GC heap before
{Heap before GC invocations=17 (full 0):
 garbage-first heap   total 118784K, used 88269K [0x0000000701200000, 0x0000000800000000)
  region size 2048K, 34 young (69632K), 3 survivors (6144K)
 Metaspace       used 50431K, committed 51008K, reserved 1114112K
  class space    used 6256K, committed 6528K, reserved 1048576K
}
Event: 5.210 GC heap after
{Heap after GC invocations=18 (full 0):
 garbage-first heap   total 118784K, used 25614K [0x0000000701200000, 0x0000000800000000)
  region size 2048K, 3 young (6144K), 3 survivors (6144K)
 Metaspace       used 50431K, committed 51008K, reserved 1114112K
  class space    used 6256K, committed 6528K, reserved 1048576K
}
Event: 5.478 GC heap before
{Heap before GC invocations=18 (full 0):
 garbage-first heap   total 118784K, used 89102K [0x0000000701200000, 0x0000000800000000)
  region size 2048K, 34 young (69632K), 3 survivors (6144K)
 Metaspace       used 53728K, committed 54336K, reserved 1114112K
  class space    used 6644K, committed 6912K, reserved 1048576K
}
Event: 5.485 GC heap after
{Heap after GC invocations=19 (full 0):
 garbage-first heap   total 118784K, used 26156K [0x0000000701200000, 0x0000000800000000)
  region size 2048K, 3 young (6144K), 3 survivors (6144K)
 Metaspace       used 53728K, committed 54336K, reserved 1114112K
  class space    used 6644K, committed 6912K, reserved 1048576K
}
Event: 5.662 GC heap before
{Heap before GC invocations=19 (full 0):
 garbage-first heap   total 118784K, used 89644K [0x0000000701200000, 0x0000000800000000)
  region size 2048K, 34 young (69632K), 3 survivors (6144K)
 Metaspace       used 56050K, committed 56704K, reserved 1114112K
  class space    used 6854K, committed 7168K, reserved 1048576K
}
Event: 5.669 GC heap after
{Heap after GC invocations=20 (full 0):
 garbage-first heap   total 118784K, used 27038K [0x0000000701200000, 0x0000000800000000)
  region size 2048K, 3 young (6144K), 3 survivors (6144K)
 Metaspace       used 56050K, committed 56704K, reserved 1114112K
  class space    used 6854K, committed 7168K, reserved 1048576K
}
Event: 5.905 GC heap before
{Heap before GC invocations=20 (full 0):
 garbage-first heap   total 118784K, used 90526K [0x0000000701200000, 0x0000000800000000)
  region size 2048K, 34 young (69632K), 3 survivors (6144K)
 Metaspace       used 59199K, committed 59840K, reserved 1114112K
  class space    used 7247K, committed 7552K, reserved 1048576K
}
Event: 5.913 GC heap after
{Heap after GC invocations=21 (full 0):
 garbage-first heap   total 145408K, used 27345K [0x0000000701200000, 0x0000000800000000)
  region size 2048K, 3 young (6144K), 3 survivors (6144K)
 Metaspace       used 59199K, committed 59840K, reserved 1114112K
  class space    used 7247K, committed 7552K, reserved 1048576K
}
Event: 5.944 GC heap before
{Heap before GC invocations=21 (full 0):
 garbage-first heap   total 145408K, used 33489K [0x0000000701200000, 0x0000000800000000)
  region size 2048K, 7 young (14336K), 3 survivors (6144K)
 Metaspace       used 59528K, committed 60160K, reserved 1114112K
  class space    used 7286K, committed 7616K, reserved 1048576K
}
Event: 5.948 GC heap after
{Heap after GC invocations=22 (full 0):
 garbage-first heap   total 145408K, used 27260K [0x0000000701200000, 0x0000000800000000)
  region size 2048K, 3 young (6144K), 3 survivors (6144K)
 Metaspace       used 59528K, committed 60160K, reserved 1114112K
  class space    used 7286K, committed 7616K, reserved 1048576K
}
Event: 6.211 GC heap before
{Heap before GC invocations=23 (full 0):
 garbage-first heap   total 96256K, used 78460K [0x0000000701200000, 0x0000000800000000)
  region size 2048K, 28 young (57344K), 3 survivors (6144K)
 Metaspace       used 61954K, committed 62592K, reserved 1114112K
  class space    used 7567K, committed 7872K, reserved 1048576K
}
Event: 6.218 GC heap after
{Heap after GC invocations=24 (full 0):
 garbage-first heap   total 96256K, used 28595K [0x0000000701200000, 0x0000000800000000)
  region size 2048K, 2 young (4096K), 2 survivors (4096K)
 Metaspace       used 61954K, committed 62592K, reserved 1114112K
  class space    used 7567K, committed 7872K, reserved 1048576K
}
Event: 6.449 GC heap before
{Heap before GC invocations=24 (full 0):
 garbage-first heap   total 96256K, used 81843K [0x0000000701200000, 0x0000000800000000)
  region size 2048K, 28 young (57344K), 2 survivors (4096K)
 Metaspace       used 64691K, committed 65344K, reserved 1114112K
  class space    used 7889K, committed 8192K, reserved 1048576K
}

