# JRE version: OpenJDK Runtime Environment Microsoft-13106358 (17.0.18+8) (build 17.0.18+8-LTS)
# Java VM: OpenJDK 64-Bit Server VM Microsoft-13106358 (17.0.18+8-LTS, mixed mode, sharing, tiered, compressed oops, compressed class ptrs, g1 gc, windows-amd64)
GC Precious Log:
 CPUs: 12 total, 12 available
 Memory: 16310M
 Large Page Support: Disabled
 NUMA Support: Disabled
 Compressed Oops: Enabled (Zero based)
 Heap Region Size: 2M
 Heap Min Capacity: 8M
 Heap Initial Capacity: 256M
 Heap Max Capacity: 4078M
 Pre-touch: Disabled
 Parallel Workers: 10
 Concurrent Workers: 3
 Concurrent Refinement Workers: 10
 Periodic GC: Disabled
Heap:
 garbage-first heap   total 61440K, used 39238K [0x0000000701200000, 0x0000000800000000)
  region size 2048K, 10 young (20480K), 1 survivors (2048K)
 Metaspace       used 46653K, committed 47168K, reserved 1114112K
  class space    used 6153K, committed 6400K, reserved 1048576K
GC Heap History (20 events):
Event: 0.466 GC heap before
{Heap before GC invocations=0 (full 0):
 garbage-first heap   total 262144K, used 20480K [0x0000000701200000, 0x0000000800000000)
  region size 2048K, 11 young (22528K), 0 survivors (0K)
 Metaspace       used 4846K, committed 5056K, reserved 1114112K
  class space    used 546K, committed 640K, reserved 1048576K
}
Event: 0.469 GC heap after
{Heap after GC invocations=1 (full 0):
 garbage-first heap   total 262144K, used 7215K [0x0000000701200000, 0x0000000800000000)
  region size 2048K, 2 young (4096K), 2 survivors (4096K)
 Metaspace       used 4846K, committed 5056K, reserved 1114112K
  class space    used 546K, committed 640K, reserved 1048576K
}
Event: 0.834 GC heap before
{Heap before GC invocations=1 (full 0):
 garbage-first heap   total 262144K, used 33839K [0x0000000701200000, 0x0000000800000000)
  region size 2048K, 15 young (30720K), 2 survivors (4096K)
 Metaspace       used 11436K, committed 11712K, reserved 1114112K
  class space    used 1396K, committed 1536K, reserved 1048576K
}
Event: 0.837 GC heap after
{Heap after GC invocations=2 (full 0):
 garbage-first heap   total 262144K, used 9241K [0x0000000701200000, 0x0000000800000000)
  region size 2048K, 1 young (2048K), 1 survivors (2048K)
 Metaspace       used 11436K, committed 11712K, reserved 1114112K
  class space    used 1396K, committed 1536K, reserved 1048576K
}
Event: 1.553 GC heap before
{Heap before GC invocations=2 (full 0):
 garbage-first heap   total 262144K, used 72729K [0x0000000701200000, 0x0000000800000000)
  region size 2048K, 33 young (67584K), 1 survivors (2048K)
 Metaspace       used 21229K, committed 21504K, reserved 1114112K
  class space    used 2621K, committed 2752K, reserved 1048576K
}
Event: 1.557 GC heap after
{Heap after GC invocations=3 (full 0):
 garbage-first heap   total 262144K, used 14996K [0x0000000701200000, 0x0000000800000000)
  region size 2048K, 4 young (8192K), 4 survivors (8192K)
 Metaspace       used 21229K, committed 21504K, reserved 1114112K
  class space    used 2621K, committed 2752K, reserved 1048576K
}
Event: 1.979 GC heap before
{Heap before GC invocations=4 (full 0):
 garbage-first heap   total 61440K, used 43668K [0x0000000701200000, 0x0000000800000000)
  region size 2048K, 18 young (36864K), 4 survivors (8192K)
 Metaspace       used 24542K, committed 24832K, reserved 1114112K
  class space    used 3068K, committed 3200K, reserved 1048576K
}
Event: 1.986 GC heap after
{Heap after GC invocations=5 (full 0):
 garbage-first heap   total 61440K, used 17083K [0x0000000701200000, 0x0000000800000000)
  region size 2048K, 2 young (4096K), 2 survivors (4096K)
 Metaspace       used 24542K, committed 24832K, reserved 1114112K
  class space    used 3068K, committed 3200K, reserved 1048576K
}
Event: 2.015 GC heap before
{Heap before GC invocations=5 (full 0):
 garbage-first heap   total 61440K, used 19131K [0x0000000701200000, 0x0000000800000000)
  region size 2048K, 3 young (6144K), 2 survivors (4096K)
 Metaspace       used 24728K, committed 25088K, reserved 1114112K
  class space    used 3092K, committed 3264K, reserved 1048576K
}
Event: 2.018 GC heap after
{Heap after GC invocations=6 (full 0):
 garbage-first heap   total 61440K, used 17711K [0x0000000701200000, 0x0000000800000000)
  region size 2048K, 1 young (2048K), 1 survivors (2048K)
 Metaspace       used 24728K, committed 25088K, reserved 1114112K
  class space    used 3092K, committed 3264K, reserved 1048576K
}
Event: 2.366 GC heap before
{Heap before GC invocations=6 (full 0):
 garbage-first heap   total 61440K, used 40239K [0x0000000701200000, 0x0000000800000000)
  region size 2048K, 12 young (24576K), 1 survivors (2048K)
 Metaspace       used 28447K, committed 28864K, reserved 1114112K
  class space    used 3657K, committed 3840K, reserved 1048576K
}
Event: 2.368 GC heap after
{Heap after GC invocations=7 (full 0):
 garbage-first heap   total 61440K, used 19633K [0x0000000701200000, 0x0000000800000000)
  region size 2048K, 2 young (4096K), 2 survivors (4096K)
 Metaspace       used 28447K, committed 28864K, reserved 1114112K
  class space    used 3657K, committed 3840K, reserved 1048576K
}
Event: 2.672 GC heap before
{Heap before GC invocations=7 (full 0):
 garbage-first heap   total 61440K, used 40113K [0x0000000701200000, 0x0000000800000000)
  region size 2048K, 12 young (24576K), 2 survivors (4096K)
 Metaspace       used 31695K, committed 32128K, reserved 1114112K
  class space    used 4039K, committed 4224K, reserved 1048576K
}
Event: 2.674 GC heap after
{Heap after GC invocations=8 (full 0):
 garbage-first heap   total 61440K, used 21193K [0x0000000701200000, 0x0000000800000000)
  region size 2048K, 1 young (2048K), 1 survivors (2048K)
 Metaspace       used 31695K, committed 32128K, reserved 1114112K
  class space    used 4039K, committed 4224K, reserved 1048576K
}
Event: 2.948 GC heap before
{Heap before GC invocations=8 (full 0):
 garbage-first heap   total 61440K, used 39625K [0x0000000701200000, 0x0000000800000000)
  region size 2048K, 11 young (22528K), 1 survivors (2048K)
 Metaspace       used 35718K, committed 36096K, reserved 1114112K
  class space    used 4629K, committed 4800K, reserved 1048576K
}
Event: 2.950 GC heap after
{Heap after GC invocations=9 (full 0):
 garbage-first heap   total 61440K, used 21971K [0x0000000701200000, 0x0000000800000000)
  region size 2048K, 2 young (4096K), 2 survivors (4096K)
 Metaspace       used 35718K, committed 36096K, reserved 1114112K
  class space    used 4629K, committed 4800K, reserved 1048576K
}
Event: 3.267 GC heap before
{Heap before GC invocations=10 (full 0):
 garbage-first heap   total 61440K, used 44499K [0x0000000701200000, 0x0000000800000000)
  region size 2048K, 13 young (26624K), 2 survivors (4096K)
 Metaspace       used 41582K, committed 42112K, reserved 1114112K
  class space    used 5444K, committed 5696K, reserved 1048576K
}
Event: 3.270 GC heap after
{Heap after GC invocations=11 (full 0):
 garbage-first heap   total 61440K, used 23600K [0x0000000701200000, 0x0000000800000000)
  region size 2048K, 2 young (4096K), 2 survivors (4096K)
 Metaspace       used 41582K, committed 42112K, reserved 1114112K
  class space    used 5444K, committed 5696K, reserved 1048576K
}
Event: 3.291 GC heap before
{Heap before GC invocations=11 (full 0):
 garbage-first heap   total 61440K, used 25648K [0x0000000701200000, 0x0000000800000000)
  region size 2048K, 3 young (6144K), 2 survivors (4096K)
 Metaspace       used 42129K, committed 42624K, reserved 1114112K
  class space    used 5526K, committed 5760K, reserved 1048576K
}
Event: 3.294 GC heap after
{Heap after GC invocations=12 (full 0):
 garbage-first heap   total 61440K, used 22854K [0x0000000701200000, 0x0000000800000000)
  region size 2048K, 1 young (2048K), 1 survivors (2048K)
 Metaspace       used 42129K, committed 42624K, reserved 1114112K
  class space    used 5526K, committed 5760K, reserved 1048576K
}

