# JRE version: OpenJDK Runtime Environment Microsoft-13106358 (17.0.18+8) (build 17.0.18+8-LTS)
# Java VM: OpenJDK 64-Bit Server VM Microsoft-13106358 (17.0.18+8-LTS, mixed mode, sharing, tiered, compressed oops, compressed class ptrs, g1 gc, windows-amd64)
GC Precious Log:
 CPUs: 12 total, 12 available
 Memory: 16310M
 Large Page Support: Disabled
 NUMA Support: Disabled
 Compressed Oops: Enabled (Zero based)
 Heap Region Size: 2M
 Heap Min Capacity: 8M
 Heap Initial Capacity: 256M
 Heap Max Capacity: 4078M
 Pre-touch: Disabled
 Parallel Workers: 10
 Concurrent Workers: 3
 Concurrent Refinement Workers: 10
 Periodic GC: Disabled
Heap:
 garbage-first heap   total 161792K, used 37411K [0x0000000701200000, 0x0000000800000000)
  region size 2048K, 9 young (18432K), 1 survivors (2048K)
 Metaspace       used 45798K, committed 46272K, reserved 1114112K
  class space    used 6050K, committed 6272K, reserved 1048576K
GC Heap History (20 events):
Event: 0.468 GC heap before
{Heap before GC invocations=0 (full 0):
 garbage-first heap   total 262144K, used 20480K [0x0000000701200000, 0x0000000800000000)
  region size 2048K, 11 young (22528K), 0 survivors (0K)
 Metaspace       used 4857K, committed 5056K, reserved 1114112K
  class space    used 546K, committed 640K, reserved 1048576K
}
Event: 0.472 GC heap after
{Heap after GC invocations=1 (full 0):
 garbage-first heap   total 262144K, used 7193K [0x0000000701200000, 0x0000000800000000)
  region size 2048K, 2 young (4096K), 2 survivors (4096K)
 Metaspace       used 4857K, committed 5056K, reserved 1114112K
  class space    used 546K, committed 640K, reserved 1048576K
}
Event: 0.855 GC heap before
{Heap before GC invocations=1 (full 0):
 garbage-first heap   total 262144K, used 33817K [0x0000000701200000, 0x0000000800000000)
  region size 2048K, 15 young (30720K), 2 survivors (4096K)
 Metaspace       used 11554K, committed 11776K, reserved 1114112K
  class space    used 1404K, committed 1536K, reserved 1048576K
}
Event: 0.857 GC heap after
{Heap after GC invocations=2 (full 0):
 garbage-first heap   total 262144K, used 9093K [0x0000000701200000, 0x0000000800000000)
  region size 2048K, 1 young (2048K), 1 survivors (2048K)
 Metaspace       used 11554K, committed 11776K, reserved 1114112K
  class space    used 1404K, committed 1536K, reserved 1048576K
}
Event: 1.651 GC heap before
{Heap before GC invocations=2 (full 0):
 garbage-first heap   total 262144K, used 72581K [0x0000000701200000, 0x0000000800000000)
  region size 2048K, 33 young (67584K), 1 survivors (2048K)
 Metaspace       used 21232K, committed 21504K, reserved 1114112K
  class space    used 2618K, committed 2752K, reserved 1048576K
}
Event: 1.655 GC heap after
{Heap after GC invocations=3 (full 0):
 garbage-first heap   total 262144K, used 14818K [0x0000000701200000, 0x0000000800000000)
  region size 2048K, 4 young (8192K), 4 survivors (8192K)
 Metaspace       used 21232K, committed 21504K, reserved 1114112K
  class space    used 2618K, committed 2752K, reserved 1048576K
}
Event: 2.100 GC heap before
{Heap before GC invocations=4 (full 0):
 garbage-first heap   total 61440K, used 43490K [0x0000000701200000, 0x0000000800000000)
  region size 2048K, 18 young (36864K), 4 survivors (8192K)
 Metaspace       used 24667K, committed 25024K, reserved 1114112K
  class space    used 3081K, committed 3264K, reserved 1048576K
}
Event: 2.105 GC heap after
{Heap after GC invocations=5 (full 0):
 garbage-first heap   total 61440K, used 16799K [0x0000000701200000, 0x0000000800000000)
  region size 2048K, 2 young (4096K), 2 survivors (4096K)
 Metaspace       used 24667K, committed 25024K, reserved 1114112K
  class space    used 3081K, committed 3264K, reserved 1048576K
}
Event: 2.139 GC heap before
{Heap before GC invocations=5 (full 0):
 garbage-first heap   total 61440K, used 18847K [0x0000000701200000, 0x0000000800000000)
  region size 2048K, 3 young (6144K), 2 survivors (4096K)
 Metaspace       used 24927K, committed 25216K, reserved 1114112K
  class space    used 3123K, committed 3264K, reserved 1048576K
}
Event: 2.141 GC heap after
{Heap after GC invocations=6 (full 0):
 garbage-first heap   total 61440K, used 17498K [0x0000000701200000, 0x0000000800000000)
  region size 2048K, 1 young (2048K), 1 survivors (2048K)
 Metaspace       used 24927K, committed 25216K, reserved 1114112K
  class space    used 3123K, committed 3264K, reserved 1048576K
}
Event: 2.481 GC heap before
{Heap before GC invocations=6 (full 0):
 garbage-first heap   total 61440K, used 40026K [0x0000000701200000, 0x0000000800000000)
  region size 2048K, 12 young (24576K), 1 survivors (2048K)
 Metaspace       used 28595K, committed 29056K, reserved 1114112K
  class space    used 3683K, committed 3904K, reserved 1048576K
}
Event: 2.484 GC heap after
{Heap after GC invocations=7 (full 0):
 garbage-first heap   total 61440K, used 19432K [0x0000000701200000, 0x0000000800000000)
  region size 2048K, 2 young (4096K), 2 survivors (4096K)
 Metaspace       used 28595K, committed 29056K, reserved 1114112K
  class space    used 3683K, committed 3904K, reserved 1048576K
}
Event: 2.806 GC heap before
{Heap before GC invocations=7 (full 0):
 garbage-first heap   total 61440K, used 37864K [0x0000000701200000, 0x0000000800000000)
  region size 2048K, 12 young (24576K), 2 survivors (4096K)
 Metaspace       used 32173K, committed 32704K, reserved 1114112K
  class space    used 4101K, committed 4352K, reserved 1048576K
}
Event: 2.809 GC heap after
{Heap after GC invocations=8 (full 0):
 garbage-first heap   total 61440K, used 21032K [0x0000000701200000, 0x0000000800000000)
  region size 2048K, 1 young (2048K), 1 survivors (2048K)
 Metaspace       used 32173K, committed 32704K, reserved 1114112K
  class space    used 4101K, committed 4352K, reserved 1048576K
}
Event: 3.030 GC heap before
{Heap before GC invocations=8 (full 0):
 garbage-first heap   total 61440K, used 35368K [0x0000000701200000, 0x0000000800000000)
  region size 2048K, 9 young (18432K), 1 survivors (2048K)
 Metaspace       used 35625K, committed 36096K, reserved 1114112K
  class space    used 4583K, committed 4800K, reserved 1048576K
}
Event: 3.032 GC heap after
{Heap after GC invocations=9 (full 0):
 garbage-first heap   total 61440K, used 21688K [0x0000000701200000, 0x0000000800000000)
  region size 2048K, 2 young (4096K), 2 survivors (4096K)
 Metaspace       used 35625K, committed 36096K, reserved 1114112K
  class space    used 4583K, committed 4800K, reserved 1048576K
}
Event: 3.353 GC heap before
{Heap before GC invocations=10 (full 0):
 garbage-first heap   total 61440K, used 44216K [0x0000000701200000, 0x0000000800000000)
  region size 2048K, 13 young (26624K), 2 survivors (4096K)
 Metaspace       used 41165K, committed 41664K, reserved 1114112K
  class space    used 5421K, committed 5632K, reserved 1048576K
}
Event: 3.356 GC heap after
{Heap after GC invocations=11 (full 0):
 garbage-first heap   total 161792K, used 23286K [0x0000000701200000, 0x0000000800000000)
  region size 2048K, 2 young (4096K), 2 survivors (4096K)
 Metaspace       used 41165K, committed 41664K, reserved 1114112K
  class space    used 5421K, committed 5632K, reserved 1048576K
}
Event: 3.389 GC heap before
{Heap before GC invocations=11 (full 0):
 garbage-first heap   total 161792K, used 25334K [0x0000000701200000, 0x0000000800000000)
  region size 2048K, 3 young (6144K), 2 survivors (4096K)
 Metaspace       used 41879K, committed 42368K, reserved 1114112K
  class space    used 5482K, committed 5696K, reserved 1048576K
}
Event: 3.391 GC heap after
{Heap after GC invocations=12 (full 0):
 garbage-first heap   total 161792K, used 23075K [0x0000000701200000, 0x0000000800000000)
  region size 2048K, 1 young (2048K), 1 survivors (2048K)
 Metaspace       used 41879K, committed 42368K, reserved 1114112K
  class space    used 5482K, committed 5696K, reserved 1048576K
}

