# JRE version: OpenJDK Runtime Environment Microsoft-13106404 (21.0.10+7) (build 21.0.10+7-LTS)
# Java VM: OpenJDK 64-Bit Server VM Microsoft-13106404 (21.0.10+7-LTS, mixed mode, sharing, tiered, compressed oops, compressed class ptrs, g1 gc, windows-amd64)
GC Precious Log:
 CardTable entry size: 512
 Card Set container configuration: InlinePtr #cards 4 size 8 Array Of Cards #cards 16 size 48 Howl #buckets 8 coarsen threshold 3686 Howl Bitmap #cards 512 size 80 coarsen threshold 460 Card regions per heap region 1 cards per card region 4096
 CPUs: 12 total, 12 available
 Memory: 16310M
 Large Page Support: Disabled
 NUMA Support: Disabled
 Compressed Oops: Enabled (Zero based)
 Heap Region Size: 2M
 Heap Min Capacity: 8M
 Heap Initial Capacity: 256M
 Heap Max Capacity: 4078M
 Pre-touch: Disabled
 Parallel Workers: 10
 Concurrent Workers: 3
 Concurrent Refinement Workers: 10
 Periodic GC: Disabled
Heap:
 garbage-first heap   total 83968K, used 68445K [0x0000000701200000, 0x0000000800000000)
  region size 2048K, 23 young (47104K), 3 survivors (6144K)
 Metaspace       used 69834K, committed 70656K, reserved 1114112K
  class space    used 9450K, committed 9856K, reserved 1048576K
GC Heap History (20 events):
Event: 0.464 GC heap before
{Heap before GC invocations=0 (full 0):
 garbage-first heap   total 262144K, used 20480K [0x0000000701200000, 0x0000000800000000)
  region size 2048K, 11 young (22528K), 0 survivors (0K)
 Metaspace       used 5020K, committed 5248K, reserved 1114112K
  class space    used 556K, committed 704K, reserved 1048576K
}
Event: 0.467 GC heap after
{Heap after GC invocations=1 (full 0):
 garbage-first heap   total 262144K, used 7784K [0x0000000701200000, 0x0000000800000000)
  region size 2048K, 2 young (4096K), 2 survivors (4096K)
 Metaspace       used 5020K, committed 5248K, reserved 1114112K
  class space    used 556K, committed 704K, reserved 1048576K
}
Event: 0.861 GC heap before
{Heap before GC invocations=1 (full 0):
 garbage-first heap   total 262144K, used 32360K [0x0000000701200000, 0x0000000800000000)
  region size 2048K, 15 young (30720K), 2 survivors (4096K)
 Metaspace       used 12383K, committed 12672K, reserved 1114112K
  class space    used 1490K, committed 1600K, reserved 1048576K
}
Event: 0.864 GC heap after
{Heap after GC invocations=2 (full 0):
 garbage-first heap   total 262144K, used 10064K [0x0000000701200000, 0x0000000800000000)
  region size 2048K, 2 young (4096K), 2 survivors (4096K)
 Metaspace       used 12383K, committed 12672K, reserved 1114112K
  class space    used 1490K, committed 1600K, reserved 1048576K
}
Event: 1.567 GC heap before
{Heap before GC invocations=2 (full 0):
 garbage-first heap   total 262144K, used 63312K [0x0000000701200000, 0x0000000800000000)
  region size 2048K, 30 young (61440K), 2 survivors (4096K)
 Metaspace       used 21218K, committed 21504K, reserved 1114112K
  class space    used 2592K, committed 2752K, reserved 1048576K
}
Event: 1.571 GC heap after
{Heap after GC invocations=3 (full 0):
 garbage-first heap   total 262144K, used 16030K [0x0000000701200000, 0x0000000800000000)
  region size 2048K, 4 young (8192K), 4 survivors (8192K)
 Metaspace       used 21218K, committed 21504K, reserved 1114112K
  class space    used 2592K, committed 2752K, reserved 1048576K
}
Event: 2.222 GC heap before
{Heap before GC invocations=4 (full 0):
 garbage-first heap   total 55296K, used 54942K [0x0000000701200000, 0x0000000800000000)
  region size 2048K, 23 young (47104K), 4 survivors (8192K)
 Metaspace       used 26810K, committed 27328K, reserved 1114112K
  class space    used 3338K, committed 3584K, reserved 1048576K
}
Event: 2.228 GC heap after
{Heap after GC invocations=5 (full 0):
 garbage-first heap   total 67584K, used 19058K [0x0000000701200000, 0x0000000800000000)
  region size 2048K, 5 young (10240K), 5 survivors (10240K)
 Metaspace       used 26810K, committed 27328K, reserved 1114112K
  class space    used 3338K, committed 3584K, reserved 1048576K
}
Event: 2.683 GC heap before
{Heap before GC invocations=5 (full 0):
 garbage-first heap   total 67584K, used 47730K [0x0000000701200000, 0x0000000800000000)
  region size 2048K, 19 young (38912K), 5 survivors (10240K)
 Metaspace       used 31621K, committed 32128K, reserved 1114112K
  class space    used 3995K, committed 4224K, reserved 1048576K
}
Event: 2.688 GC heap after
{Heap after GC invocations=6 (full 0):
 garbage-first heap   total 67584K, used 20803K [0x0000000701200000, 0x0000000800000000)
  region size 2048K, 3 young (6144K), 3 survivors (6144K)
 Metaspace       used 31621K, committed 32128K, reserved 1114112K
  class space    used 3995K, committed 4224K, reserved 1048576K
}
Event: 2.964 GC heap before
{Heap before GC invocations=6 (full 0):
 garbage-first heap   total 67584K, used 37187K [0x0000000701200000, 0x0000000800000000)
  region size 2048K, 12 young (24576K), 3 survivors (6144K)
 Metaspace       used 35492K, committed 35968K, reserved 1114112K
  class space    used 4534K, committed 4736K, reserved 1048576K
}
Event: 2.967 GC heap after
{Heap after GC invocations=7 (full 0):
 garbage-first heap   total 67584K, used 22011K [0x0000000701200000, 0x0000000800000000)
  region size 2048K, 2 young (4096K), 2 survivors (4096K)
 Metaspace       used 35492K, committed 35968K, reserved 1114112K
  class space    used 4534K, committed 4736K, reserved 1048576K
}
Event: 3.471 GC heap before
{Heap before GC invocations=8 (full 0):
 garbage-first heap   total 67584K, used 52731K [0x0000000701200000, 0x0000000800000000)
  region size 2048K, 18 young (36864K), 2 survivors (4096K)
 Metaspace       used 45279K, committed 45888K, reserved 1114112K
  class space    used 5943K, committed 6208K, reserved 1048576K
}
Event: 3.474 GC heap after
{Heap after GC invocations=9 (full 0):
 garbage-first heap   total 67584K, used 24266K [0x0000000701200000, 0x0000000800000000)
  region size 2048K, 2 young (4096K), 2 survivors (4096K)
 Metaspace       used 45279K, committed 45888K, reserved 1114112K
  class space    used 5943K, committed 6208K, reserved 1048576K
}
Event: 3.925 GC heap before
{Heap before GC invocations=9 (full 0):
 garbage-first heap   total 67584K, used 52938K [0x0000000701200000, 0x0000000800000000)
  region size 2048K, 17 young (34816K), 2 survivors (4096K)
 Metaspace       used 54508K, committed 55104K, reserved 1114112K
  class space    used 7292K, committed 7552K, reserved 1048576K
}
Event: 3.929 GC heap after
{Heap after GC invocations=10 (full 0):
 garbage-first heap   total 67584K, used 25359K [0x0000000701200000, 0x0000000800000000)
  region size 2048K, 2 young (4096K), 2 survivors (4096K)
 Metaspace       used 54508K, committed 55104K, reserved 1114112K
  class space    used 7292K, committed 7552K, reserved 1048576K
}
Event: 4.270 GC heap before
{Heap before GC invocations=10 (full 0):
 garbage-first heap   total 67584K, used 47887K [0x0000000701200000, 0x0000000800000000)
  region size 2048K, 15 young (30720K), 2 survivors (4096K)
 Metaspace       used 59843K, committed 60416K, reserved 1114112K
  class space    used 8121K, committed 8384K, reserved 1048576K
}
Event: 4.274 GC heap after
{Heap after GC invocations=11 (full 0):
 garbage-first heap   total 67584K, used 26475K [0x0000000701200000, 0x0000000800000000)
  region size 2048K, 2 young (4096K), 2 survivors (4096K)
 Metaspace       used 59843K, committed 60416K, reserved 1114112K
  class space    used 8121K, committed 8384K, reserved 1048576K
}
Event: 4.740 GC heap before
{Heap before GC invocations=12 (full 0):
 garbage-first heap   total 67584K, used 57195K [0x0000000701200000, 0x0000000800000000)
  region size 2048K, 17 young (34816K), 2 survivors (4096K)
 Metaspace       used 64655K, committed 65344K, reserved 1114112K
  class space    used 8725K, committed 9024K, reserved 1048576K
}
Event: 4.743 GC heap after
{Heap after GC invocations=13 (full 0):
 garbage-first heap   total 83968K, used 29533K [0x0000000701200000, 0x0000000800000000)
  region size 2048K, 3 young (6144K), 3 survivors (6144K)
 Metaspace       used 64655K, committed 65344K, reserved 1114112K
  class space    used 8725K, committed 9024K, reserved 1048576K
}

